<?xml version="1.0" encoding="UTF-8"?>
<!-- Generated by org.testng.reporters.JUnitReportReporter -->
<testsuite hostname="Sanju" failures="0" tests="4" name="Module4_Products_Test.SwagLabProductTest" time="26.023" errors="0" timestamp="2024-12-21T09:31:48 IST" skipped="0">
  <testcase classname="Module4_Products_Test.SwagLabProductTest" name="verifyProductName" time="6.503"/>
  <testcase classname="Module4_Products_Test.SwagLabProductTest" name="verifyProductPrice" time="6.579"/>
  <testcase classname="Module4_Products_Test.SwagLabProductTest" name="verifyProductSize" time="6.425"/>
  <testcase classname="Module4_Products_Test.SwagLabProductTest" name="verifyProductTotalPrice" time="6.516"/>
</testsuite> <!-- Module4_Products_Test.SwagLabProductTest -->
