<?xml version="1.0" encoding="UTF-8"?>
<!-- Generated by org.testng.reporters.JUnitReportReporter -->
<testsuite hostname="Sanju" failures="0" tests="4" name="Module4_Products_Test.SwagLabProductTest" time="27.038" errors="0" timestamp="2024-12-21T09:14:03 IST" skipped="0">
  <testcase classname="Module4_Products_Test.SwagLabProductTest" name="verifyProductName" time="7.045"/>
  <testcase classname="Module4_Products_Test.SwagLabProductTest" name="verifyProductPrice" time="6.698"/>
  <testcase classname="Module4_Products_Test.SwagLabProductTest" name="verifyProductSize" time="6.679"/>
  <testcase classname="Module4_Products_Test.SwagLabProductTest" name="verifyProductTotalPrice" time="6.616"/>
</testsuite> <!-- Module4_Products_Test.SwagLabProductTest -->
