<?xml version="1.0" encoding="UTF-8"?>
<!-- Generated by org.testng.reporters.JUnitReportReporter -->
<testsuite hostname="Sanju" failures="0" tests="1" name="Module5_Order_Test.SwagLabOrderTest" time="17.470" errors="0" timestamp="2024-12-23T09:07:10 IST" skipped="0">
  <testcase classname="Module5_Order_Test.SwagLabOrderTest" name="PurchaseAnyProduct" time="17.470"/>
</testsuite> <!-- Module5_Order_Test.SwagLabOrderTest -->
